<?xml version="1.0" encoding="UTF-8"?>
<!-- Generated by org.testng.reporters.JUnitReportReporter -->
<testsuite hostname="LAPTOP-N3IQ9KIK" failures="0" tests="1" name="newtest.testng.testng1" time="0.000" errors="0" timestamp="2023-04-27T14:20:34 IST" skipped="1">
  <testcase classname="newtest.testng.testng1" name="TC_001" time="0.000">
    <skipped/>
  </testcase> <!-- TC_001 -->
  <system-out/>
</testsuite> <!-- newtest.testng.testng1 -->
