<?xml version="1.0" encoding="UTF-8"?>
<!-- Generated by org.testng.reporters.JUnitReportReporter -->
<testsuite hostname="LAPTOP-N3IQ9KIK" failures="0" tests="4" name="newtest.testng.testng2" time="0.000" errors="0" timestamp="2023-04-27T14:20:34 IST" skipped="4">
  <testcase classname="newtest.testng.testng2" name="add" time="0.000">
    <skipped/>
  </testcase> <!-- add -->
  <system-out/>
  <testcase classname="newtest.testng.testng2" name="mul" time="0.000">
    <skipped/>
  </testcase> <!-- mul -->
  <system-out/>
  <testcase classname="newtest.testng.testng2" name="sub" time="0.000">
    <skipped/>
  </testcase> <!-- sub -->
  <system-out/>
  <testcase classname="newtest.testng.testng2" name="div" time="0.000">
    <skipped/>
  </testcase> <!-- div -->
  <system-out/>
</testsuite> <!-- newtest.testng.testng2 -->
