<?xml version="1.0" encoding="UTF-8"?>
<!-- Generated by org.testng.reporters.JUnitReportReporter -->
<testsuite hostname="LAPTOP-N3IQ9KIK" failures="0" tests="1" name="newtest.testng.loginpage" time="12.598" errors="0" timestamp="2023-04-27T15:10:01 IST" skipped="0">
  <testcase classname="newtest.testng.loginpage" name="TC_001" time="12.598"/>
  <system-out/>
</testsuite> <!-- newtest.testng.loginpage -->
