<?xml version="1.0" encoding="UTF-8"?>
<!-- Generated by org.testng.reporters.JUnitReportReporter -->
<testsuite hostname="LAPTOP-N3IQ9KIK" failures="0" tests="1" name="newtest.testng.login" time="13.771" errors="0" timestamp="2023-04-27T15:33:33 IST" skipped="0">
  <testcase classname="newtest.testng.login" name="TC_001" time="13.771"/>
  <system-out/>
</testsuite> <!-- newtest.testng.login -->
